[2021-05-25T14:53:42.687] [DEBUG] cheese - login => username:admin,password:123456
[2021-05-25T14:53:42.688] [DEBUG] cheese - admin
[2021-05-25T14:53:42.703] [DEBUG] cheese - null
[2021-05-25T14:53:42.703] [DEBUG] cheese - null
[2021-09-19T21:13:36.091] [DEBUG] cheese - login => username:zs,password:123
[2021-09-19T21:13:36.124] [DEBUG] cheese - zs
[2021-09-19T21:13:36.142] [DEBUG] cheese - null
[2021-09-19T21:13:36.144] [DEBUG] cheese - null
[2021-09-19T21:14:17.147] [DEBUG] cheese - login => username:admin,password:123456
[2021-09-19T21:14:17.147] [DEBUG] cheese - admin
[2021-09-19T21:14:17.154] [DEBUG] cheese - null
[2021-09-19T21:14:17.154] [DEBUG] cheese - null
[2021-09-20T12:31:58.510] [DEBUG] cheese - login => username:admin,password:123456
[2021-09-20T12:31:58.628] [DEBUG] cheese - admin
[2021-09-20T12:31:58.649] [DEBUG] cheese - { inspect: [Function: inspect] }
[2021-09-20T12:31:58.651] [DEBUG] cheese - 查询失败
[2021-09-20T12:32:08.240] [DEBUG] cheese - login => username:admin,password:123456
[2021-09-20T12:32:08.240] [DEBUG] cheese - admin
[2021-09-20T12:32:08.243] [DEBUG] cheese - { inspect: [Function: inspect] }
[2021-09-20T12:32:08.243] [DEBUG] cheese - 查询失败
[2021-09-20T12:36:01.013] [DEBUG] cheese - login => username:admin,password:123456
[2021-09-20T12:36:01.016] [DEBUG] cheese - admin
[2021-09-20T12:36:01.029] [DEBUG] cheese - null
[2021-09-20T12:36:01.030] [DEBUG] cheese - null
[2021-09-20T23:47:57.772] [DEBUG] cheese - login => username:admin,password:123456
[2021-09-20T23:47:57.774] [DEBUG] cheese - admin
[2021-09-20T23:47:57.793] [DEBUG] cheese - null
[2021-09-20T23:47:57.793] [DEBUG] cheese - null
[2021-09-20T23:48:09.195] [DEBUG] cheese - login => username:test,password:123456
[2021-09-20T23:48:09.195] [DEBUG] cheese - test
[2021-09-20T23:48:09.198] [DEBUG] cheese - null
[2021-09-20T23:48:09.198] [DEBUG] cheese - null
[2021-09-20T23:48:42.135] [DEBUG] cheese - login => username:admin,password:123456
[2021-09-20T23:48:42.135] [DEBUG] cheese - admin
[2021-09-20T23:48:42.138] [DEBUG] cheese - null
[2021-09-20T23:48:42.138] [DEBUG] cheese - null
[2021-09-20T23:49:00.565] [DEBUG] cheese - login => username:admin,password:123456
[2021-09-20T23:49:00.565] [DEBUG] cheese - admin
[2021-09-20T23:49:00.568] [DEBUG] cheese - null
[2021-09-20T23:49:00.568] [DEBUG] cheese - null
[2021-09-20T23:57:15.504] [DEBUG] cheese - login => username:test,password:123456
[2021-09-20T23:57:15.504] [DEBUG] cheese - test
[2021-09-20T23:57:15.507] [DEBUG] cheese - null
[2021-09-20T23:57:15.507] [DEBUG] cheese - null
[2021-09-20T23:58:56.693] [DEBUG] cheese - login => username:admin,password:123456
[2021-09-20T23:58:56.693] [DEBUG] cheese - admin
[2021-09-20T23:58:56.697] [DEBUG] cheese - null
[2021-09-20T23:58:56.697] [DEBUG] cheese - null
[2021-09-20T23:59:24.211] [DEBUG] cheese - login => username:admin,password:123456
[2021-09-20T23:59:24.212] [DEBUG] cheese - admin
[2021-09-20T23:59:24.214] [DEBUG] cheese - null
[2021-09-20T23:59:24.214] [DEBUG] cheese - null
[2021-09-21T00:00:14.125] [DEBUG] cheese - login => username:admin,password:123456
[2021-09-21T00:00:14.125] [DEBUG] cheese - admin
[2021-09-21T00:00:14.128] [DEBUG] cheese - null
[2021-09-21T00:00:14.128] [DEBUG] cheese - null
[2021-09-21T09:34:58.950] [DEBUG] cheese - login => username:test,password:123456
[2021-09-21T09:34:58.952] [DEBUG] cheese - test
[2021-09-21T09:34:58.985] [DEBUG] cheese - null
[2021-09-21T09:34:58.985] [DEBUG] cheese - null
[2021-09-21T09:35:03.494] [DEBUG] cheese - login => username:admin,password:123456
[2021-09-21T09:35:03.495] [DEBUG] cheese - admin
[2021-09-21T09:35:03.499] [DEBUG] cheese - null
[2021-09-21T09:35:03.499] [DEBUG] cheese - null
[2021-09-21T09:40:13.628] [DEBUG] cheese - login => username:admin,password:123456
[2021-09-21T09:40:13.629] [DEBUG] cheese - admin
[2021-09-21T09:40:13.635] [DEBUG] cheese - null
[2021-09-21T09:40:13.635] [DEBUG] cheese - null
[2021-09-21T10:35:17.505] [DEBUG] cheese - login => username:admin,password:123456
[2021-09-21T10:35:17.505] [DEBUG] cheese - admin
[2021-09-21T10:35:17.508] [DEBUG] cheese - null
[2021-09-21T10:35:17.508] [DEBUG] cheese - null
[2021-09-21T10:48:39.812] [DEBUG] cheese - login => username:admin,password:123456
[2021-09-21T10:48:39.812] [DEBUG] cheese - admin
[2021-09-21T10:48:39.816] [DEBUG] cheese - null
[2021-09-21T10:48:39.816] [DEBUG] cheese - null
[2021-09-21T11:00:27.630] [DEBUG] cheese - login => username:admin,password:123456
[2021-09-21T11:00:27.631] [DEBUG] cheese - admin
[2021-09-21T11:00:27.637] [DEBUG] cheese - null
[2021-09-21T11:00:27.637] [DEBUG] cheese - null
[2021-09-21T11:03:21.060] [DEBUG] cheese - login => username:admin,password:123456
[2021-09-21T11:03:21.060] [DEBUG] cheese - admin
[2021-09-21T11:03:21.065] [DEBUG] cheese - null
[2021-09-21T11:03:21.065] [DEBUG] cheese - null
[2021-09-21T11:04:17.301] [DEBUG] cheese - login => username:admin,password:123456
[2021-09-21T11:04:17.302] [DEBUG] cheese - admin
[2021-09-21T11:04:17.304] [DEBUG] cheese - null
[2021-09-21T11:04:17.304] [DEBUG] cheese - null
[2021-09-21T11:10:40.446] [DEBUG] cheese - login => username:admin,password:123456
[2021-09-21T11:10:40.447] [DEBUG] cheese - admin
[2021-09-21T11:10:40.450] [DEBUG] cheese - null
[2021-09-21T11:10:40.450] [DEBUG] cheese - null
[2021-09-21T15:57:27.614] [DEBUG] cheese - login => username:admin,password:123456
[2021-09-21T15:57:27.614] [DEBUG] cheese - admin
[2021-09-21T15:57:27.618] [DEBUG] cheese - null
[2021-09-21T15:57:27.618] [DEBUG] cheese - null
[2021-09-21T16:04:03.997] [DEBUG] cheese - login => username:admin,password:123456
[2021-09-21T16:04:03.997] [DEBUG] cheese - admin
[2021-09-21T16:04:04.001] [DEBUG] cheese - null
[2021-09-21T16:04:04.001] [DEBUG] cheese - null
[2021-09-21T16:20:59.188] [DEBUG] cheese - login => username:admin,password:123456
[2021-09-21T16:20:59.189] [DEBUG] cheese - admin
[2021-09-21T16:20:59.193] [DEBUG] cheese - null
[2021-09-21T16:20:59.194] [DEBUG] cheese - null
[2021-09-21T16:21:45.303] [DEBUG] cheese - login => username:admin,password:123456
[2021-09-21T16:21:45.303] [DEBUG] cheese - admin
[2021-09-21T16:21:45.307] [DEBUG] cheese - null
[2021-09-21T16:21:45.307] [DEBUG] cheese - null
[2021-09-21T16:23:49.953] [DEBUG] cheese - login => username:admin,password:123456
[2021-09-21T16:23:49.953] [DEBUG] cheese - admin
[2021-09-21T16:23:49.957] [DEBUG] cheese - null
[2021-09-21T16:23:49.957] [DEBUG] cheese - null
[2021-09-21T16:28:03.535] [DEBUG] cheese - login => username:admin,password:123456
[2021-09-21T16:28:03.535] [DEBUG] cheese - admin
[2021-09-21T16:28:03.538] [DEBUG] cheese - null
[2021-09-21T16:28:03.538] [DEBUG] cheese - null
[2021-09-21T16:28:10.828] [DEBUG] cheese - login => username:admin,password:123456
[2021-09-21T16:28:10.828] [DEBUG] cheese - admin
[2021-09-21T16:28:10.831] [DEBUG] cheese - null
[2021-09-21T16:28:10.831] [DEBUG] cheese - null
[2021-09-21T17:50:51.913] [DEBUG] cheese - login => username:admin,password:123456
[2021-09-21T17:50:51.913] [DEBUG] cheese - admin
[2021-09-21T17:50:51.916] [DEBUG] cheese - null
[2021-09-21T17:50:51.916] [DEBUG] cheese - null
[2021-09-22T12:34:16.330] [DEBUG] cheese - login => username:admin,password:123456
[2021-09-22T12:34:16.331] [DEBUG] cheese - admin
[2021-09-22T12:34:16.347] [DEBUG] cheese - null
[2021-09-22T12:34:16.348] [DEBUG] cheese - null
[2021-09-22T12:54:09.174] [DEBUG] cheese - login => username:admin,password:123456
[2021-09-22T12:54:09.174] [DEBUG] cheese - admin
[2021-09-22T12:54:09.180] [DEBUG] cheese - null
[2021-09-22T12:54:09.180] [DEBUG] cheese - null
[2021-09-22T16:48:31.717] [DEBUG] cheese - login => username:admin,password:123456
[2021-09-22T16:48:31.717] [DEBUG] cheese - admin
[2021-09-22T16:48:31.722] [DEBUG] cheese - null
[2021-09-22T16:48:31.722] [DEBUG] cheese - null
[2021-09-22T17:12:07.811] [DEBUG] cheese - login => username:admin,password:123456
[2021-09-22T17:12:07.812] [DEBUG] cheese - admin
[2021-09-22T17:12:07.819] [DEBUG] cheese - null
[2021-09-22T17:12:07.820] [DEBUG] cheese - null
[2021-09-23T10:56:57.407] [DEBUG] cheese - login => username:admin,password:123456
[2021-09-23T10:56:57.409] [DEBUG] cheese - admin
[2021-09-23T10:56:57.454] [DEBUG] cheese - null
[2021-09-23T10:56:57.454] [DEBUG] cheese - null
[2021-09-23T11:03:52.985] [DEBUG] cheese - login => username:admin,password:123456
[2021-09-23T11:03:52.985] [DEBUG] cheese - admin
[2021-09-23T11:03:52.988] [DEBUG] cheese - null
[2021-09-23T11:03:52.988] [DEBUG] cheese - null
[2021-09-23T11:09:29.317] [DEBUG] cheese - login => username:admin,password:123456
[2021-09-23T11:09:29.318] [DEBUG] cheese - admin
[2021-09-23T11:09:29.320] [DEBUG] cheese - null
[2021-09-23T11:09:29.320] [DEBUG] cheese - null
[2021-09-23T11:14:11.768] [DEBUG] cheese - login => username:admin,password:123456
[2021-09-23T11:14:11.769] [DEBUG] cheese - admin
[2021-09-23T11:14:11.773] [DEBUG] cheese - null
[2021-09-23T11:14:11.773] [DEBUG] cheese - null
[2021-09-23T11:15:08.064] [DEBUG] cheese - login => username:test,password:123456
[2021-09-23T11:15:08.064] [DEBUG] cheese - test
[2021-09-23T11:15:08.067] [DEBUG] cheese - null
[2021-09-23T11:15:08.067] [DEBUG] cheese - null
[2021-09-23T11:15:21.089] [DEBUG] cheese - login => username:admin,password:123456
[2021-09-23T11:15:21.089] [DEBUG] cheese - admin
[2021-09-23T11:15:21.092] [DEBUG] cheese - null
[2021-09-23T11:15:21.092] [DEBUG] cheese - null
[2021-09-23T16:24:43.896] [DEBUG] cheese - login => username:topgap,password:123456
[2021-09-23T16:24:43.896] [DEBUG] cheese - topgap
[2021-09-23T16:24:43.898] [DEBUG] cheese - null
[2021-09-23T16:24:43.898] [DEBUG] cheese - null
[2021-09-23T16:25:03.688] [DEBUG] cheese - login => username:admin,password:123456
[2021-09-23T16:25:03.688] [DEBUG] cheese - admin
[2021-09-23T16:25:03.690] [DEBUG] cheese - null
[2021-09-23T16:25:03.690] [DEBUG] cheese - null
[2021-09-23T16:25:22.547] [DEBUG] cheese - login => username:topgap,password:123456
[2021-09-23T16:25:22.547] [DEBUG] cheese - topgap
[2021-09-23T16:25:22.551] [DEBUG] cheese - null
[2021-09-23T16:25:22.551] [DEBUG] cheese - null
[2021-09-23T16:26:12.391] [DEBUG] cheese - login => username:topgap,password:123456
[2021-09-23T16:26:12.391] [DEBUG] cheese - topgap
[2021-09-23T16:26:12.397] [DEBUG] cheese - null
[2021-09-23T16:26:12.397] [DEBUG] cheese - null
[2021-09-23T16:26:12.879] [DEBUG] cheese - login => username:topgap,password:123456
[2021-09-23T16:26:12.880] [DEBUG] cheese - topgap
[2021-09-23T16:26:12.882] [DEBUG] cheese - null
[2021-09-23T16:26:12.882] [DEBUG] cheese - null
[2021-09-23T16:26:13.039] [DEBUG] cheese - login => username:topgap,password:123456
[2021-09-23T16:26:13.039] [DEBUG] cheese - topgap
[2021-09-23T16:26:13.041] [DEBUG] cheese - null
[2021-09-23T16:26:13.041] [DEBUG] cheese - null
[2021-09-23T16:26:13.181] [DEBUG] cheese - login => username:topgap,password:123456
[2021-09-23T16:26:13.181] [DEBUG] cheese - topgap
[2021-09-23T16:26:13.183] [DEBUG] cheese - null
[2021-09-23T16:26:13.183] [DEBUG] cheese - null
[2021-09-23T16:26:13.341] [DEBUG] cheese - login => username:topgap,password:123456
[2021-09-23T16:26:13.341] [DEBUG] cheese - topgap
[2021-09-23T16:26:13.343] [DEBUG] cheese - null
[2021-09-23T16:26:13.343] [DEBUG] cheese - null
[2021-09-23T16:26:13.477] [DEBUG] cheese - login => username:topgap,password:123456
[2021-09-23T16:26:13.477] [DEBUG] cheese - topgap
[2021-09-23T16:26:13.479] [DEBUG] cheese - null
[2021-09-23T16:26:13.479] [DEBUG] cheese - null
[2021-09-23T16:26:19.648] [DEBUG] cheese - login => username:admin,password:123456
[2021-09-23T16:26:19.648] [DEBUG] cheese - admin
[2021-09-23T16:26:19.650] [DEBUG] cheese - null
[2021-09-23T16:26:19.650] [DEBUG] cheese - null
[2021-09-23T16:27:13.170] [DEBUG] cheese - login => username:tapgap,password:123456
[2021-09-23T16:27:13.171] [DEBUG] cheese - tapgap
[2021-09-23T16:27:13.176] [DEBUG] cheese - null
[2021-09-23T16:27:13.176] [DEBUG] cheese - null
[2021-09-23T16:27:17.367] [DEBUG] cheese - login => username:admin,password:123456
[2021-09-23T16:27:17.367] [DEBUG] cheese - admin
[2021-09-23T16:27:17.369] [DEBUG] cheese - null
[2021-09-23T16:27:17.369] [DEBUG] cheese - null
[2021-09-24T15:40:25.264] [DEBUG] cheese - login => username:admin,password:123456
[2021-09-24T15:40:25.265] [DEBUG] cheese - admin
[2021-09-24T15:40:25.282] [DEBUG] cheese - null
[2021-09-24T15:40:25.282] [DEBUG] cheese - null
[2021-09-24T16:40:16.103] [DEBUG] cheese - login => username:test,password:123456
[2021-09-24T16:40:16.104] [DEBUG] cheese - test
[2021-09-24T16:40:16.107] [DEBUG] cheese - null
[2021-09-24T16:40:16.108] [DEBUG] cheese - null
[2021-09-24T16:40:29.811] [DEBUG] cheese - login => username:admin,password:123456
[2021-09-24T16:40:29.811] [DEBUG] cheese - admin
[2021-09-24T16:40:29.814] [DEBUG] cheese - null
[2021-09-24T16:40:29.814] [DEBUG] cheese - null
[2021-09-24T18:34:43.362] [DEBUG] cheese - login => username:test,password:132456
[2021-09-24T18:34:43.362] [DEBUG] cheese - test
[2021-09-24T18:34:43.365] [DEBUG] cheese - null
[2021-09-24T18:34:43.365] [DEBUG] cheese - null
[2021-09-24T18:34:51.761] [DEBUG] cheese - login => username:test,password:123456
[2021-09-24T18:34:51.761] [DEBUG] cheese - test
[2021-09-24T18:34:51.764] [DEBUG] cheese - null
[2021-09-24T18:34:51.764] [DEBUG] cheese - null
[2021-09-24T18:34:54.314] [DEBUG] cheese - login => username:admin,password:123456
[2021-09-24T18:34:54.315] [DEBUG] cheese - admin
[2021-09-24T18:34:54.316] [DEBUG] cheese - null
[2021-09-24T18:34:54.317] [DEBUG] cheese - null
[2021-09-25T11:11:10.584] [DEBUG] cheese - login => username:admin,password:123456
[2021-09-25T11:11:10.585] [DEBUG] cheese - admin
[2021-09-25T11:11:10.608] [DEBUG] cheese - null
[2021-09-25T11:11:10.608] [DEBUG] cheese - null
